docno="lists-096-6024322"
received="Tue Jan 28 22:51:10 2003"
isoreceived="20030129035110"
sent="Tue, 28 Jan 2003 22:57:26 -0500"
isosent="20030129035726"
name="Andr?s Mujica - Linux SEAQ"
email="linux@seaq.com.co"
subject="Re: Makefile empty"
id="20030128225726.154bfdcc.linux@seaq.com.co"
charset="US-ASCII"
inreplyto="8980AE34-3323-11D7-AEB3-000393D6FF08&#64;prince.com.au"
expires="-1"

Cc:www-amaya@w3.org



Hi, i'm trying to compile from source amaya 7.1 in a linux box (LFS system)
24.20 and having a lot of trouble.. i cannot compile it.

i`ve followed the docs at the website, i`ve checked the cvs and it refuses to
compile..  any help??


1. CONFIGURE 

./configure --prefix=/usr --enable-shared --with-x --with-zlib --with-expat
--with-md5 --with-dav --with-extension --with-ssl

results:  
updating cache ./config.cache
creating ./config.status
creating Makefile
creating libwww-config
creating w3c-libwww.spec
creating config/Makefile
creating modules/Makefile
creating modules/expat/Makefile
creating modules/expat/xmltok/Makefile
creating modules/expat/xmlparse/Makefile
creating modules/md5/Makefile
creating Library/Makefile
creating Library/src/Makefile
creating Library/src/windows/Makefile
creating Library/src/vms/Makefile
creating wwwconf.h


2. MAKE

cd . && autoheader
WARNING: Using auxiliary files such as `acconfig.h', `config.h.bot'
WARNING: and `config.h.top', to define templates for `config.h.in'
WARNING: is deprecated and discouraged.

WARNING: Using the third argument of `AC_DEFINE' and
WARNING: `AC_DEFINE_UNQUOTED' allows to define a template without
WARNING: `acconfig.h':

WARNING:   AC_DEFINE([NEED_MAIN], 1,
WARNING:             [Define if a function `main' is needed.])

WARNING: More sophisticated templates can also be produced, see the
WARNING: documentation.
aclocal.m4:267: error: m4_defn: undefined macro: _m4_divert_diversion
autoconf/c.m4:1092: AC_C_VOLATILE is expanded from...
aclocal.m4:267: the top level
autom4te: /usr/bin/m4 failed with exit status: 1
autoheader: /usr/bin/autom4te failed with exit status: 1
make: *** [stamp-h.in] Error 1



